c:\users\maia\documents\github\ubb-computer-science\second semester\object oriented programming\lab\qtlifeafterschool2\qtlifeafterschool2\qtlifeafterschool2\x64\debug\vc143.pdb
c:\users\maia\documents\github\ubb-computer-science\second semester\object oriented programming\lab\qtlifeafterschool2\qtlifeafterschool2\qtlifeafterschool2\x64\debug\vc143.idb
c:\users\maia\documents\github\ubb-computer-science\second semester\object oriented programming\lab\qtlifeafterschool2\qtlifeafterschool2\qtlifeafterschool2\x64\debug\qrc_qtlifeafterschool.obj
c:\users\maia\documents\github\ubb-computer-science\second semester\object oriented programming\lab\qtlifeafterschool2\qtlifeafterschool2\qtlifeafterschool2\x64\debug\adminmenu.obj
c:\users\maia\documents\github\ubb-computer-science\second semester\object oriented programming\lab\qtlifeafterschool2\qtlifeafterschool2\qtlifeafterschool2\x64\debug\listadminevents.obj
c:\users\maia\documents\github\ubb-computer-science\second semester\object oriented programming\lab\qtlifeafterschool2\qtlifeafterschool2\qtlifeafterschool2\x64\debug\usermenu.obj
c:\users\maia\documents\github\ubb-computer-science\second semester\object oriented programming\lab\qtlifeafterschool2\qtlifeafterschool2\qtlifeafterschool2\x64\debug\administratorui.obj
c:\users\maia\documents\github\ubb-computer-science\second semester\object oriented programming\lab\qtlifeafterschool2\qtlifeafterschool2\qtlifeafterschool2\x64\debug\eventrepository.obj
c:\users\maia\documents\github\ubb-computer-science\second semester\object oriented programming\lab\qtlifeafterschool2\qtlifeafterschool2\qtlifeafterschool2\x64\debug\eventservice.obj
c:\users\maia\documents\github\ubb-computer-science\second semester\object oriented programming\lab\qtlifeafterschool2\qtlifeafterschool2\qtlifeafterschool2\x64\debug\gui.obj
c:\users\maia\documents\github\ubb-computer-science\second semester\object oriented programming\lab\qtlifeafterschool2\qtlifeafterschool2\qtlifeafterschool2\x64\debug\qtlifeafterschool.obj
c:\users\maia\documents\github\ubb-computer-science\second semester\object oriented programming\lab\qtlifeafterschool2\qtlifeafterschool2\qtlifeafterschool2\x64\debug\viewbymonth.obj
c:\users\maia\documents\github\ubb-computer-science\second semester\object oriented programming\lab\qtlifeafterschool2\qtlifeafterschool2\qtlifeafterschool2\x64\debug\event.obj
c:\users\maia\documents\github\ubb-computer-science\second semester\object oriented programming\lab\qtlifeafterschool2\qtlifeafterschool2\qtlifeafterschool2\x64\debug\eventform.obj
c:\users\maia\documents\github\ubb-computer-science\second semester\object oriented programming\lab\qtlifeafterschool2\qtlifeafterschool2\qtlifeafterschool2\x64\debug\participatingevents.obj
c:\users\maia\documents\github\ubb-computer-science\second semester\object oriented programming\lab\qtlifeafterschool2\qtlifeafterschool2\qtlifeafterschool2\x64\debug\userrepository.obj
c:\users\maia\documents\github\ubb-computer-science\second semester\object oriented programming\lab\qtlifeafterschool2\qtlifeafterschool2\qtlifeafterschool2\x64\debug\userui.obj
c:\users\maia\documents\github\ubb-computer-science\second semester\object oriented programming\lab\qtlifeafterschool2\qtlifeafterschool2\qtlifeafterschool2\x64\debug\browseevents.obj
c:\users\maia\documents\github\ubb-computer-science\second semester\object oriented programming\lab\qtlifeafterschool2\qtlifeafterschool2\qtlifeafterschool2\x64\debug\main.obj
c:\users\maia\documents\github\ubb-computer-science\second semester\object oriented programming\lab\qtlifeafterschool2\qtlifeafterschool2\qtlifeafterschool2\x64\debug\userservice.obj
c:\users\maia\documents\github\ubb-computer-science\second semester\object oriented programming\lab\qtlifeafterschool2\qtlifeafterschool2\qtlifeafterschool2\x64\debug\moc_viewbymonth.obj
c:\users\maia\documents\github\ubb-computer-science\second semester\object oriented programming\lab\qtlifeafterschool2\qtlifeafterschool2\qtlifeafterschool2\x64\debug\moc_browseevents.obj
c:\users\maia\documents\github\ubb-computer-science\second semester\object oriented programming\lab\qtlifeafterschool2\qtlifeafterschool2\qtlifeafterschool2\x64\debug\moc_usermenu.obj
c:\users\maia\documents\github\ubb-computer-science\second semester\object oriented programming\lab\qtlifeafterschool2\qtlifeafterschool2\qtlifeafterschool2\x64\debug\moc_eventform.obj
c:\users\maia\documents\github\ubb-computer-science\second semester\object oriented programming\lab\qtlifeafterschool2\qtlifeafterschool2\qtlifeafterschool2\x64\debug\moc_qtlifeafterschool.obj
c:\users\maia\documents\github\ubb-computer-science\second semester\object oriented programming\lab\qtlifeafterschool2\qtlifeafterschool2\qtlifeafterschool2\x64\debug\moc_participatingevents.obj
c:\users\maia\documents\github\ubb-computer-science\second semester\object oriented programming\lab\qtlifeafterschool2\qtlifeafterschool2\qtlifeafterschool2\x64\debug\moc_adminmenu.obj
c:\users\maia\documents\github\ubb-computer-science\second semester\object oriented programming\lab\qtlifeafterschool2\qtlifeafterschool2\qtlifeafterschool2\x64\debug\moc_listadminevents.obj
c:\users\maia\documents\github\ubb-computer-science\second semester\object oriented programming\lab\qtlifeafterschool2\qtlifeafterschool2\qtlifeafterschool2\x64\debug\moc_gui.obj
c:\users\maia\documents\github\ubb-computer-science\second semester\object oriented programming\lab\qtlifeafterschool2\qtlifeafterschool2\qtlifeafterschool2\x64\debug\moc_eventtablemodel.obj
c:\users\maia\documents\github\ubb-computer-science\second semester\object oriented programming\lab\qtlifeafterschool2\qtlifeafterschool2\x64\debug\qtlifeafterschool2.exe
c:\users\maia\documents\github\ubb-computer-science\second semester\object oriented programming\lab\qtlifeafterschool2\qtlifeafterschool2\x64\debug\qtlifeafterschool2.pdb
c:\users\maia\documents\github\ubb-computer-science\second semester\object oriented programming\lab\qtlifeafterschool2\qtlifeafterschool2\qtlifeafterschool2\x64\debug\qt\moc\moc_listadminevents.cpp
c:\users\maia\documents\github\ubb-computer-science\second semester\object oriented programming\lab\qtlifeafterschool2\qtlifeafterschool2\qtlifeafterschool2\x64\debug\qt\uic\ui_qtlifeafterschool.h
c:\users\maia\documents\github\ubb-computer-science\second semester\object oriented programming\lab\qtlifeafterschool2\qtlifeafterschool2\qtlifeafterschool2\x64\debug\qt\rcc\qrc_qtlifeafterschool.cpp
c:\users\maia\documents\github\ubb-computer-science\second semester\object oriented programming\lab\qtlifeafterschool2\qtlifeafterschool2\qtlifeafterschool2\x64\debug\qt\moc\moc_viewbymonth.cpp
c:\users\maia\documents\github\ubb-computer-science\second semester\object oriented programming\lab\qtlifeafterschool2\qtlifeafterschool2\qtlifeafterschool2\x64\debug\qt\moc\moc_usermenu.cpp
c:\users\maia\documents\github\ubb-computer-science\second semester\object oriented programming\lab\qtlifeafterschool2\qtlifeafterschool2\qtlifeafterschool2\x64\debug\qt\moc\moc_qtlifeafterschool.cpp
c:\users\maia\documents\github\ubb-computer-science\second semester\object oriented programming\lab\qtlifeafterschool2\qtlifeafterschool2\qtlifeafterschool2\x64\debug\qt\moc\moc_participatingevents.cpp
c:\users\maia\documents\github\ubb-computer-science\second semester\object oriented programming\lab\qtlifeafterschool2\qtlifeafterschool2\qtlifeafterschool2\x64\debug\qt\moc\moc_gui.cpp
c:\users\maia\documents\github\ubb-computer-science\second semester\object oriented programming\lab\qtlifeafterschool2\qtlifeafterschool2\qtlifeafterschool2\x64\debug\qt\moc\moc_eventform.cpp
c:\users\maia\documents\github\ubb-computer-science\second semester\object oriented programming\lab\qtlifeafterschool2\qtlifeafterschool2\qtlifeafterschool2\x64\debug\qt\moc\moc_browseevents.cpp
c:\users\maia\documents\github\ubb-computer-science\second semester\object oriented programming\lab\qtlifeafterschool2\qtlifeafterschool2\qtlifeafterschool2\x64\debug\qt\moc\moc_adminmenu.cpp
c:\users\maia\documents\github\ubb-computer-science\second semester\object oriented programming\lab\qtlifeafterschool2\qtlifeafterschool2\qtlifeafterschool2\x64\debug\qt\moc\moc_eventtablemodel.cpp
c:\users\maia\documents\github\ubb-computer-science\second semester\object oriented programming\lab\qtlifeafterschool2\qtlifeafterschool2\qtlifeafterschool2\x64\debug\qtlifeafterschool2.ilk
c:\users\maia\documents\github\ubb-computer-science\second semester\object oriented programming\lab\qtlifeafterschool2\qtlifeafterschool2\qtlifeafterschool2\x64\debug\qtlifeaf.74582f7b.tlog\cl.command.1.tlog
c:\users\maia\documents\github\ubb-computer-science\second semester\object oriented programming\lab\qtlifeafterschool2\qtlifeafterschool2\qtlifeafterschool2\x64\debug\qtlifeaf.74582f7b.tlog\cl.items.tlog
c:\users\maia\documents\github\ubb-computer-science\second semester\object oriented programming\lab\qtlifeafterschool2\qtlifeafterschool2\qtlifeafterschool2\x64\debug\qtlifeaf.74582f7b.tlog\cl.read.1.tlog
c:\users\maia\documents\github\ubb-computer-science\second semester\object oriented programming\lab\qtlifeafterschool2\qtlifeafterschool2\qtlifeafterschool2\x64\debug\qtlifeaf.74582f7b.tlog\cl.write.1.tlog
c:\users\maia\documents\github\ubb-computer-science\second semester\object oriented programming\lab\qtlifeafterschool2\qtlifeafterschool2\qtlifeafterschool2\x64\debug\qtlifeaf.74582f7b.tlog\link.command.1.tlog
c:\users\maia\documents\github\ubb-computer-science\second semester\object oriented programming\lab\qtlifeafterschool2\qtlifeafterschool2\qtlifeafterschool2\x64\debug\qtlifeaf.74582f7b.tlog\link.read.1.tlog
c:\users\maia\documents\github\ubb-computer-science\second semester\object oriented programming\lab\qtlifeafterschool2\qtlifeafterschool2\qtlifeafterschool2\x64\debug\qtlifeaf.74582f7b.tlog\link.secondary.1.tlog
c:\users\maia\documents\github\ubb-computer-science\second semester\object oriented programming\lab\qtlifeafterschool2\qtlifeafterschool2\qtlifeafterschool2\x64\debug\qtlifeaf.74582f7b.tlog\link.write.1.tlog
c:\users\maia\documents\github\ubb-computer-science\second semester\object oriented programming\lab\qtlifeafterschool2\qtlifeafterschool2\qtlifeafterschool2\x64\debug\qtlifeaf.74582f7b.tlog\moc.read.1u.tlog
c:\users\maia\documents\github\ubb-computer-science\second semester\object oriented programming\lab\qtlifeafterschool2\qtlifeafterschool2\qtlifeafterschool2\x64\debug\qtlifeaf.74582f7b.tlog\moc.write.1u.tlog
c:\users\maia\documents\github\ubb-computer-science\second semester\object oriented programming\lab\qtlifeafterschool2\qtlifeafterschool2\qtlifeafterschool2\x64\debug\qtlifeaf.74582f7b.tlog\qtlifeafterschool2.write.1u.tlog
c:\users\maia\documents\github\ubb-computer-science\second semester\object oriented programming\lab\qtlifeafterschool2\qtlifeafterschool2\qtlifeafterschool2\x64\debug\qtlifeaf.74582f7b.tlog\rcc.read.1u.tlog
c:\users\maia\documents\github\ubb-computer-science\second semester\object oriented programming\lab\qtlifeafterschool2\qtlifeafterschool2\qtlifeafterschool2\x64\debug\qtlifeaf.74582f7b.tlog\rcc.write.1u.tlog
c:\users\maia\documents\github\ubb-computer-science\second semester\object oriented programming\lab\qtlifeafterschool2\qtlifeafterschool2\qtlifeafterschool2\x64\debug\qtlifeaf.74582f7b.tlog\uic.read.1u.tlog
c:\users\maia\documents\github\ubb-computer-science\second semester\object oriented programming\lab\qtlifeafterschool2\qtlifeafterschool2\qtlifeafterschool2\x64\debug\qtlifeaf.74582f7b.tlog\uic.write.1u.tlog
