c:\users\maia\documents\github\ubb-computer-science\second semester\object oriented programming\lab\life after school 2\life after school 2\qtlifeafterschool\qtlifeafterschool\x64\debug\vc143.pdb
c:\users\maia\documents\github\ubb-computer-science\second semester\object oriented programming\lab\life after school 2\life after school 2\qtlifeafterschool\qtlifeafterschool\x64\debug\vc143.idb
c:\users\maia\documents\github\ubb-computer-science\second semester\object oriented programming\lab\life after school 2\life after school 2\qtlifeafterschool\qtlifeafterschool\x64\debug\qrc_qtlifeafterschool.obj
c:\users\maia\documents\github\ubb-computer-science\second semester\object oriented programming\lab\life after school 2\life after school 2\qtlifeafterschool\qtlifeafterschool\x64\debug\qtlifeafterschool.obj
c:\users\maia\documents\github\ubb-computer-science\second semester\object oriented programming\lab\life after school 2\life after school 2\qtlifeafterschool\qtlifeafterschool\x64\debug\main.obj
c:\users\maia\documents\github\ubb-computer-science\second semester\object oriented programming\lab\life after school 2\life after school 2\qtlifeafterschool\qtlifeafterschool\x64\debug\usermenu.obj
c:\users\maia\documents\github\ubb-computer-science\second semester\object oriented programming\lab\life after school 2\life after school 2\qtlifeafterschool\qtlifeafterschool\x64\debug\event.obj
c:\users\maia\documents\github\ubb-computer-science\second semester\object oriented programming\lab\life after school 2\life after school 2\qtlifeafterschool\qtlifeafterschool\x64\debug\adminmenu.obj
c:\users\maia\documents\github\ubb-computer-science\second semester\object oriented programming\lab\life after school 2\life after school 2\qtlifeafterschool\qtlifeafterschool\x64\debug\eventservice.obj
c:\users\maia\documents\github\ubb-computer-science\second semester\object oriented programming\lab\life after school 2\life after school 2\qtlifeafterschool\qtlifeafterschool\x64\debug\gui.obj
c:\users\maia\documents\github\ubb-computer-science\second semester\object oriented programming\lab\life after school 2\life after school 2\qtlifeafterschool\qtlifeafterschool\x64\debug\eventrepository.obj
c:\users\maia\documents\github\ubb-computer-science\second semester\object oriented programming\lab\life after school 2\life after school 2\qtlifeafterschool\qtlifeafterschool\x64\debug\listadminevents.obj
c:\users\maia\documents\github\ubb-computer-science\second semester\object oriented programming\lab\life after school 2\life after school 2\qtlifeafterschool\qtlifeafterschool\x64\debug\moc_usermenu.obj
c:\users\maia\documents\github\ubb-computer-science\second semester\object oriented programming\lab\life after school 2\life after school 2\qtlifeafterschool\qtlifeafterschool\x64\debug\moc_listadminevents.obj
c:\users\maia\documents\github\ubb-computer-science\second semester\object oriented programming\lab\life after school 2\life after school 2\qtlifeafterschool\qtlifeafterschool\x64\debug\moc_gui.obj
c:\users\maia\documents\github\ubb-computer-science\second semester\object oriented programming\lab\life after school 2\life after school 2\qtlifeafterschool\qtlifeafterschool\x64\debug\moc_adminmenu.obj
c:\users\maia\documents\github\ubb-computer-science\second semester\object oriented programming\lab\life after school 2\life after school 2\qtlifeafterschool\qtlifeafterschool\x64\debug\userrepository.obj
c:\users\maia\documents\github\ubb-computer-science\second semester\object oriented programming\lab\life after school 2\life after school 2\qtlifeafterschool\qtlifeafterschool\x64\debug\userservice.obj
c:\users\maia\documents\github\ubb-computer-science\second semester\object oriented programming\lab\life after school 2\life after school 2\qtlifeafterschool\qtlifeafterschool\x64\debug\viewbymonth.obj
c:\users\maia\documents\github\ubb-computer-science\second semester\object oriented programming\lab\life after school 2\life after school 2\qtlifeafterschool\qtlifeafterschool\x64\debug\browseevents.obj
c:\users\maia\documents\github\ubb-computer-science\second semester\object oriented programming\lab\life after school 2\life after school 2\qtlifeafterschool\qtlifeafterschool\x64\debug\participatingevents.obj
c:\users\maia\documents\github\ubb-computer-science\second semester\object oriented programming\lab\life after school 2\life after school 2\qtlifeafterschool\qtlifeafterschool\x64\debug\moc_participatingevents.obj
c:\users\maia\documents\github\ubb-computer-science\second semester\object oriented programming\lab\life after school 2\life after school 2\qtlifeafterschool\qtlifeafterschool\x64\debug\moc_viewbymonth.obj
c:\users\maia\documents\github\ubb-computer-science\second semester\object oriented programming\lab\life after school 2\life after school 2\qtlifeafterschool\qtlifeafterschool\x64\debug\moc_browseevents.obj
c:\users\maia\documents\github\ubb-computer-science\second semester\object oriented programming\lab\life after school 2\life after school 2\qtlifeafterschool\qtlifeafterschool\x64\debug\moc_qtlifeafterschool.obj
c:\users\maia\documents\github\ubb-computer-science\second semester\object oriented programming\lab\life after school 2\life after school 2\qtlifeafterschool\qtlifeafterschool\x64\debug\eventform.obj
c:\users\maia\documents\github\ubb-computer-science\second semester\object oriented programming\lab\life after school 2\life after school 2\qtlifeafterschool\qtlifeafterschool\x64\debug\moc_eventform.obj
c:\users\maia\documents\github\ubb-computer-science\second semester\object oriented programming\lab\life after school 2\life after school 2\qtlifeafterschool\x64\debug\qtlifeafterschool.exe
c:\users\maia\documents\github\ubb-computer-science\second semester\object oriented programming\lab\life after school 2\life after school 2\qtlifeafterschool\x64\debug\qtlifeafterschool.pdb
c:\users\maia\documents\github\ubb-computer-science\second semester\object oriented programming\lab\life after school 2\life after school 2\qtlifeafterschool\qtlifeafterschool\x64\debug\qt\moc\moc_listadminevents.cpp
c:\users\maia\documents\github\ubb-computer-science\second semester\object oriented programming\lab\life after school 2\life after school 2\qtlifeafterschool\qtlifeafterschool\x64\debug\qt\uic\ui_qtlifeafterschool.h
c:\users\maia\documents\github\ubb-computer-science\second semester\object oriented programming\lab\life after school 2\life after school 2\qtlifeafterschool\qtlifeafterschool\x64\debug\qt\rcc\qrc_qtlifeafterschool.cpp
c:\users\maia\documents\github\ubb-computer-science\second semester\object oriented programming\lab\life after school 2\life after school 2\qtlifeafterschool\qtlifeafterschool\x64\debug\qt\moc\moc_qtlifeafterschool.cpp
c:\users\maia\documents\github\ubb-computer-science\second semester\object oriented programming\lab\life after school 2\life after school 2\qtlifeafterschool\qtlifeafterschool\x64\debug\qt\moc\moc_adminmenu.cpp
c:\users\maia\documents\github\ubb-computer-science\second semester\object oriented programming\lab\life after school 2\life after school 2\qtlifeafterschool\qtlifeafterschool\x64\debug\qt\moc\moc_gui.cpp
c:\users\maia\documents\github\ubb-computer-science\second semester\object oriented programming\lab\life after school 2\life after school 2\qtlifeafterschool\qtlifeafterschool\x64\debug\qt\moc\moc_usermenu.cpp
c:\users\maia\documents\github\ubb-computer-science\second semester\object oriented programming\lab\life after school 2\life after school 2\qtlifeafterschool\qtlifeafterschool\x64\debug\qt\moc\moc_addeventdialog.cpp
c:\users\maia\documents\github\ubb-computer-science\second semester\object oriented programming\lab\life after school 2\life after school 2\qtlifeafterschool\qtlifeafterschool\x64\debug\qt\moc\moc_browseeventsdialog.cpp
c:\users\maia\documents\github\ubb-computer-science\second semester\object oriented programming\lab\life after school 2\life after school 2\qtlifeafterschool\qtlifeafterschool\x64\debug\qt\moc\moc_participatingeventsdialog.cpp
c:\users\maia\documents\github\ubb-computer-science\second semester\object oriented programming\lab\life after school 2\life after school 2\qtlifeafterschool\qtlifeafterschool\x64\debug\qt\uic\ui_dialogbuttonbottom.h
c:\users\maia\documents\github\ubb-computer-science\second semester\object oriented programming\lab\life after school 2\life after school 2\qtlifeafterschool\qtlifeafterschool\x64\debug\qt\uic\ui_addeventdialog.h
c:\users\maia\documents\github\ubb-computer-science\second semester\object oriented programming\lab\life after school 2\life after school 2\qtlifeafterschool\qtlifeafterschool\x64\debug\qt\moc\moc_browseevents.cpp
c:\users\maia\documents\github\ubb-computer-science\second semester\object oriented programming\lab\life after school 2\life after school 2\qtlifeafterschool\qtlifeafterschool\x64\debug\qt\moc\moc_viewbymonth.cpp
c:\users\maia\documents\github\ubb-computer-science\second semester\object oriented programming\lab\life after school 2\life after school 2\qtlifeafterschool\qtlifeafterschool\x64\debug\qt\moc\moc_participatingevents.cpp
c:\users\maia\documents\github\ubb-computer-science\second semester\object oriented programming\lab\life after school 2\life after school 2\qtlifeafterschool\qtlifeafterschool\x64\debug\qt\moc\moc_eventform.cpp
c:\users\maia\documents\github\ubb-computer-science\second semester\object oriented programming\lab\life after school 2\life after school 2\qtlifeafterschool\qtlifeafterschool\x64\debug\qtlifeafterschool.ilk
c:\users\maia\documents\github\ubb-computer-science\second semester\object oriented programming\lab\life after school 2\life after school 2\qtlifeafterschool\qtlifeafterschool\x64\debug\qtlifeaf.4ed125d0.tlog\cl.command.1.tlog
c:\users\maia\documents\github\ubb-computer-science\second semester\object oriented programming\lab\life after school 2\life after school 2\qtlifeafterschool\qtlifeafterschool\x64\debug\qtlifeaf.4ed125d0.tlog\cl.items.tlog
c:\users\maia\documents\github\ubb-computer-science\second semester\object oriented programming\lab\life after school 2\life after school 2\qtlifeafterschool\qtlifeafterschool\x64\debug\qtlifeaf.4ed125d0.tlog\cl.read.1.tlog
c:\users\maia\documents\github\ubb-computer-science\second semester\object oriented programming\lab\life after school 2\life after school 2\qtlifeafterschool\qtlifeafterschool\x64\debug\qtlifeaf.4ed125d0.tlog\cl.write.1.tlog
c:\users\maia\documents\github\ubb-computer-science\second semester\object oriented programming\lab\life after school 2\life after school 2\qtlifeafterschool\qtlifeafterschool\x64\debug\qtlifeaf.4ed125d0.tlog\link.command.1.tlog
c:\users\maia\documents\github\ubb-computer-science\second semester\object oriented programming\lab\life after school 2\life after school 2\qtlifeafterschool\qtlifeafterschool\x64\debug\qtlifeaf.4ed125d0.tlog\link.read.1.tlog
c:\users\maia\documents\github\ubb-computer-science\second semester\object oriented programming\lab\life after school 2\life after school 2\qtlifeafterschool\qtlifeafterschool\x64\debug\qtlifeaf.4ed125d0.tlog\link.secondary.1.tlog
c:\users\maia\documents\github\ubb-computer-science\second semester\object oriented programming\lab\life after school 2\life after school 2\qtlifeafterschool\qtlifeafterschool\x64\debug\qtlifeaf.4ed125d0.tlog\link.write.1.tlog
c:\users\maia\documents\github\ubb-computer-science\second semester\object oriented programming\lab\life after school 2\life after school 2\qtlifeafterschool\qtlifeafterschool\x64\debug\qtlifeaf.4ed125d0.tlog\moc.read.1u.tlog
c:\users\maia\documents\github\ubb-computer-science\second semester\object oriented programming\lab\life after school 2\life after school 2\qtlifeafterschool\qtlifeafterschool\x64\debug\qtlifeaf.4ed125d0.tlog\moc.write.1u.tlog
c:\users\maia\documents\github\ubb-computer-science\second semester\object oriented programming\lab\life after school 2\life after school 2\qtlifeafterschool\qtlifeafterschool\x64\debug\qtlifeaf.4ed125d0.tlog\qtlifeafterschool.write.1u.tlog
c:\users\maia\documents\github\ubb-computer-science\second semester\object oriented programming\lab\life after school 2\life after school 2\qtlifeafterschool\qtlifeafterschool\x64\debug\qtlifeaf.4ed125d0.tlog\rcc.read.1u.tlog
c:\users\maia\documents\github\ubb-computer-science\second semester\object oriented programming\lab\life after school 2\life after school 2\qtlifeafterschool\qtlifeafterschool\x64\debug\qtlifeaf.4ed125d0.tlog\rcc.write.1u.tlog
